info:  D3D11CoreCreateDevice: Probing D3D_FEATURE_LEVEL_11_0
info:  D3D11CoreCreateDevice: Using feature level D3D_FEATURE_LEVEL_11_0
info:  Device properties:
info:    Device name:     : Intel(R) UHD Graphics 630 (Coffeelake 3x8 GT2)
info:    Driver version   : 18.3.1
info:  Enabled device extensions:
info:    VK_EXT_shader_stencil_export
info:    VK_EXT_shader_viewport_index_layer
info:    VK_EXT_vertex_attribute_divisor
info:    VK_KHR_create_renderpass2
info:    VK_KHR_dedicated_allocation
info:    VK_KHR_descriptor_update_template
info:    VK_KHR_driver_properties
info:    VK_KHR_get_memory_requirements2
info:    VK_KHR_image_format_list
info:    VK_KHR_maintenance1
info:    VK_KHR_maintenance2
info:    VK_KHR_sampler_mirror_clamp_to_edge
info:    VK_KHR_shader_draw_parameters
info:    VK_KHR_swapchain
info:  Device features:
info:    robustBufferAccess                     : 1
info:    fullDrawIndexUint32                    : 1
info:    imageCubeArray                         : 1
info:    independentBlend                       : 1
info:    geometryShader                         : 1
info:    tessellationShader                     : 1
info:    sampleRateShading                      : 1
info:    dualSrcBlend                           : 1
info:    logicOp                                : 1
info:    multiDrawIndirect                      : 1
info:    drawIndirectFirstInstance              : 1
info:    depthClamp                             : 1
info:    depthBiasClamp                         : 1
info:    fillModeNonSolid                       : 1
info:    depthBounds                            : 0
info:    multiViewport                          : 1
info:    samplerAnisotropy                      : 1
info:    textureCompressionBC                   : 1
info:    occlusionQueryPrecise                  : 1
info:    pipelineStatisticsQuery                : 1
info:    vertexPipelineStoresAndAtomics         : 0
info:    fragmentStoresAndAtomics               : 1
info:    shaderImageGatherExtended              : 1
info:    shaderStorageImageExtendedFormats      : 1
info:    shaderStorageImageReadWithoutFormat    : 0
info:    shaderStorageImageWriteWithoutFormat   : 1
info:    shaderClipDistance                     : 1
info:    shaderCullDistance                     : 1
info:    shaderFloat64                          : 1
info:    shaderInt64                            : 1
info:    variableMultisampleRate                : 1
info:  VK_EXT_conditional_rendering
info:    conditionalRendering                   : 0
info:  VK_EXT_depth_clip_enable
info:    depthClipEnable                        : 0
info:  VK_EXT_host_query_reset
info:    hostQueryReset                         : 0
info:  VK_EXT_memory_priority
info:    memoryPriority                         : 0
info:  VK_EXT_shader_demote_to_helper_invocation
info:    shaderDemoteToHelperInvocation         : 0
info:  VK_EXT_transform_feedback
info:    transformFeedback                      : 0
info:    geometryStreams                        : 0
info:  VK_EXT_vertex_attribute_divisor
info:    vertexAttributeInstanceRateDivisor     : 1
info:    vertexAttributeInstanceRateZeroDivisor : 1
info:  Queue families:
info:    Graphics : 0
info:    Transfer : 0
warn:  DXVK: No state cache file found
warn:  DXVK: Creating new state cache file
info:  DXVK: Using 3 compiler threads
warn:  D3D11Device::CreateShaderModule: Class linkage not supported
warn:  D3D11Device::CreateShaderModule: Class linkage not supported
info:  D3D11CoreCreateDevice: Probing D3D_FEATURE_LEVEL_11_0
info:  D3D11CoreCreateDevice: Using feature level D3D_FEATURE_LEVEL_11_0
info:  Device properties:
info:    Device name:     : Intel(R) UHD Graphics 630 (Coffeelake 3x8 GT2)
info:    Driver version   : 18.3.1
info:  Enabled device extensions:
info:    VK_EXT_shader_stencil_export
info:    VK_EXT_shader_viewport_index_layer
info:    VK_EXT_vertex_attribute_divisor
info:    VK_KHR_create_renderpass2
info:    VK_KHR_dedicated_allocation
info:    VK_KHR_descriptor_update_template
info:    VK_KHR_driver_properties
info:    VK_KHR_get_memory_requirements2
info:    VK_KHR_image_format_list
info:    VK_KHR_maintenance1
info:    VK_KHR_maintenance2
info:    VK_KHR_sampler_mirror_clamp_to_edge
info:    VK_KHR_shader_draw_parameters
info:    VK_KHR_swapchain
info:  Device features:
info:    robustBufferAccess                     : 1
info:    fullDrawIndexUint32                    : 1
info:    imageCubeArray                         : 1
info:    independentBlend                       : 1
info:    geometryShader                         : 1
info:    tessellationShader                     : 1
info:    sampleRateShading                      : 1
info:    dualSrcBlend                           : 1
info:    logicOp                                : 1
info:    multiDrawIndirect                      : 1
info:    drawIndirectFirstInstance              : 1
info:    depthClamp                             : 1
info:    depthBiasClamp                         : 1
info:    fillModeNonSolid                       : 1
info:    depthBounds                            : 0
info:    multiViewport                          : 1
info:    samplerAnisotropy                      : 1
info:    textureCompressionBC                   : 1
info:    occlusionQueryPrecise                  : 1
info:    pipelineStatisticsQuery                : 1
info:    vertexPipelineStoresAndAtomics         : 0
info:    fragmentStoresAndAtomics               : 1
info:    shaderImageGatherExtended              : 1
info:    shaderStorageImageExtendedFormats      : 1
info:    shaderStorageImageReadWithoutFormat    : 0
info:    shaderStorageImageWriteWithoutFormat   : 1
info:    shaderClipDistance                     : 1
info:    shaderCullDistance                     : 1
info:    shaderFloat64                          : 1
info:    shaderInt64                            : 1
info:    variableMultisampleRate                : 1
info:  VK_EXT_conditional_rendering
info:    conditionalRendering                   : 0
info:  VK_EXT_depth_clip_enable
info:    depthClipEnable                        : 0
info:  VK_EXT_host_query_reset
info:    hostQueryReset                         : 0
info:  VK_EXT_memory_priority
info:    memoryPriority                         : 0
info:  VK_EXT_shader_demote_to_helper_invocation
info:    shaderDemoteToHelperInvocation         : 0
info:  VK_EXT_transform_feedback
info:    transformFeedback                      : 0
info:    geometryStreams                        : 0
info:  VK_EXT_vertex_attribute_divisor
info:    vertexAttributeInstanceRateDivisor     : 1
info:    vertexAttributeInstanceRateZeroDivisor : 1
info:  Queue families:
info:    Graphics : 0
info:    Transfer : 0
info:  DXVK: Read 0 valid state cache entries
info:  DXVK: Using 3 compiler threads
warn:  D3D11Device::CreateShaderModule: Class linkage not supported
warn:  D3D11Device::CreateShaderModule: Class linkage not supported
err:   Failed to create surface
warn:  D3D11Device::CreateShaderModule: Class linkage not supported
warn:  D3D11Device::CreateShaderModule: Class linkage not supported
err:   Failed to create surface
err:   Failed to create surface
err:   Failed to create surface
err:   Failed to create surface
err:   Failed to create surface
err:   Failed to create surface
err:   Failed to create surface
err:   Failed to create surface
err:   Failed to create surface
err:   Failed to create surface
err:   Failed to create surface
err:   Failed to create surface
err:   Failed to create surface
err:   Failed to create surface
err:   Failed to create surface
err:   Failed to create surface
err:   Failed to create surface
warn:  D3D11DXGIDevice::QueryInterface: Unknown interface query
warn:  6543dbb6-1b48-42f5-ab82-e97ec74326f6
warn:  D3D11DXGIDevice::QueryInterface: Unknown interface query
warn:  6543dbb6-1b48-42f5-ab82-e97ec74326f6
warn:  D3D11DXGIDevice::QueryInterface: Unknown interface query
warn:  6543dbb6-1b48-42f5-ab82-e97ec74326f6
warn:  D3D11DXGIDevice::QueryInterface: Unknown interface query
warn:  6543dbb6-1b48-42f5-ab82-e97ec74326f6
warn:  D3D11DXGIDevice::QueryInterface: Unknown interface query
warn:  6543dbb6-1b48-42f5-ab82-e97ec74326f6
