info:  Game: Fusion360.exe
info:  DXVK: v1.5.1
info:  Built-in extension providers:
info:    Win32 WSI
info:    OpenVR
warn:  OpenVR: Failed to locate module
info:  Enabled instance extensions:
info:    VK_KHR_get_physical_device_properties2
info:    VK_KHR_surface
info:    VK_KHR_win32_surface
info:  Intel(R) UHD Graphics 630 (Coffeelake 3x8 GT2):
info:    Driver: 18.3.1
info:    Vulkan: 1.1.90
info:    Memory Heap[0]: 
info:      Size: 46920 MiB
info:      Flags: 0x1
info:      Memory Type[0]: Property Flags = 0xf
info:    Memory Heap[1]: 
info:      Size: 1024 MiB
info:      Flags: 0x1
info:      Memory Type[1]: Property Flags = 0xf
info:  Adapter LUID 0: 0:3f9
info:  Game: Fusion360.exe
info:  DXVK: v1.5.1
info:  Built-in extension providers:
info:    Win32 WSI
info:    OpenVR
warn:  OpenVR: Failed to locate module
info:  Enabled instance extensions:
info:    VK_KHR_get_physical_device_properties2
info:    VK_KHR_surface
info:    VK_KHR_win32_surface
info:  Intel(R) UHD Graphics 630 (Coffeelake 3x8 GT2):
info:    Driver: 18.3.1
info:    Vulkan: 1.1.90
info:    Memory Heap[0]: 
info:      Size: 46920 MiB
info:      Flags: 0x1
info:      Memory Type[0]: Property Flags = 0xf
info:    Memory Heap[1]: 
info:      Size: 1024 MiB
info:      Flags: 0x1
info:      Memory Type[1]: Property Flags = 0xf
info:  Game: Fusion360.exe
info:  DXVK: v1.5.1
info:  Built-in extension providers:
info:    Win32 WSI
info:    OpenVR
warn:  OpenVR: Failed to locate module
info:  Enabled instance extensions:
info:    VK_KHR_get_physical_device_properties2
info:    VK_KHR_surface
info:    VK_KHR_win32_surface
info:  Intel(R) UHD Graphics 630 (Coffeelake 3x8 GT2):
info:    Driver: 18.3.1
info:    Vulkan: 1.1.90
info:    Memory Heap[0]: 
info:      Size: 46920 MiB
info:      Flags: 0x1
info:      Memory Type[0]: Property Flags = 0xf
info:    Memory Heap[1]: 
info:      Size: 1024 MiB
info:      Flags: 0x1
info:      Memory Type[1]: Property Flags = 0xf
warn:  DXGI: MakeWindowAssociation: Ignoring flags
warn:  DXGI: MakeWindowAssociation: Ignoring flags
warn:  DXGI: MakeWindowAssociation: Ignoring flags
warn:  DXGI: MakeWindowAssociation: Ignoring flags
warn:  DXGI: MakeWindowAssociation: Ignoring flags
warn:  DXGI: MakeWindowAssociation: Ignoring flags
warn:  DXGI: MakeWindowAssociation: Ignoring flags
warn:  DXGI: MakeWindowAssociation: Ignoring flags
warn:  DXGI: MakeWindowAssociation: Ignoring flags
warn:  DXGI: MakeWindowAssociation: Ignoring flags
warn:  DXGI: MakeWindowAssociation: Ignoring flags
warn:  DXGI: MakeWindowAssociation: Ignoring flags
warn:  DXGI: MakeWindowAssociation: Ignoring flags
warn:  DXGI: MakeWindowAssociation: Ignoring flags
warn:  DXGI: MakeWindowAssociation: Ignoring flags
warn:  DXGI: MakeWindowAssociation: Ignoring flags
warn:  DXGI: MakeWindowAssociation: Ignoring flags
warn:  DXGI: MakeWindowAssociation: Ignoring flags
